<?xml version="1.0" encoding="UTF-8"?>
<!-- Generated by org.testng.reporters.JUnitReportReporter -->
<testsuite hostname="WKWIN8277581" failures="0" tests="1" name="pkg.testcases.Left_Side_FilterTest" time="13.210" errors="0" timestamp="30 Jun 2020 09:48:54 GMT" skipped="0">
  <testcase classname="pkg.testcases.Left_Side_FilterTest" name="Verify_Featured_link" time="13.210"/>
</testsuite> <!-- pkg.testcases.Left_Side_FilterTest -->
