<?xml version="1.0" encoding="UTF-8"?>
<!-- Generated by org.testng.reporters.JUnitReportReporter -->
<testsuite hostname="WKWIN8277581" failures="0" tests="1" name="pkg.testcases.LeftSideFiltersTest" time="18.604" errors="0" timestamp="29 Jun 2020 10:54:19 GMT" skipped="0">
  <testcase classname="pkg.testcases.LeftSideFiltersTest" name="Navigation_Hamburger_featured_accor_3" time="18.604"/>
</testsuite> <!-- pkg.testcases.LeftSideFiltersTest -->
